
state 0
	$accept: .program $end 

	NUMBER  shift 3
	.  error

	program  goto 1
	expr  goto 2

state 1
	$accept:  program.$end 

	$end  accept
	.  error


state 2
	program:  expr.    (1)
	expr:  expr.'+' expr 
	expr:  expr.'-' expr 

	'+'  shift 4
	'-'  shift 5
	.  reduce 1 (src line 34)


state 3
	expr:  NUMBER.    (4)

	.  reduce 4 (src line 48)


state 4
	expr:  expr '+'.expr 

	NUMBER  shift 3
	.  error

	expr  goto 6

state 5
	expr:  expr '-'.expr 

	NUMBER  shift 3
	.  error

	expr  goto 7

6: shift/reduce conflict (shift 4(0), red'n 2(0)) on '+'
6: shift/reduce conflict (shift 5(0), red'n 2(0)) on '-'
state 6
	expr:  expr.'+' expr 
	expr:  expr '+' expr.    (2)
	expr:  expr.'-' expr 

	'+'  shift 4
	'-'  shift 5
	.  reduce 2 (src line 41)


7: shift/reduce conflict (shift 4(0), red'n 3(0)) on '+'
7: shift/reduce conflict (shift 5(0), red'n 3(0)) on '-'
state 7
	expr:  expr.'+' expr 
	expr:  expr.'-' expr 
	expr:  expr '-' expr.    (3)

	'+'  shift 4
	'-'  shift 5
	.  reduce 3 (src line 45)


6 terminals, 3 nonterminals
5 grammar rules, 8/16000 states
4 shift/reduce, 0 reduce/reduce conflicts reported
52 working sets used
memory: parser 3/240000
0 extra closures
9 shift entries, 1 exceptions
4 goto entries
0 entries saved by goto default
Optimizer space used: output 9/240000
9 table entries, 2 zero
maximum spread: 6, maximum offset: 5
